<?xml version="1.0" encoding="UTF-8"?>
<testsuite name="SILab2Test" tests="1" skipped="0" failures="0" errors="0" timestamp="2022-06-01T14:50:03" hostname="DESKTOP-1M8KI7R" time="0.021">
  <properties/>
  <testcase name="function()" classname="SILab2Test" time="0.021"/>
  <system-out><![CDATA[]]></system-out>
  <system-err><![CDATA[]]></system-err>
</testsuite>
